[0.017s] Invoking command in '/home/navrajb/software/software-start-here/build/challenge': CMAKE_PREFIX_PATH=/opt/ros/foxy /usr/bin/cmake --build /home/navrajb/software/software-start-here/build/challenge -- -j8 -l8
[0.068s] [35m[1mScanning dependencies of target solution[0m
[0.102s] [ 50%] [32mBuilding CXX object CMakeFiles/solution.dir/src/solution.cpp.o[0m
[1.426s] [01m[K/home/navrajb/software/software-start-here/src/challenge/src/solution.cpp:[m[K In member function â€˜[01m[Kvoid MinimalPublisher::timer_callback()[m[Kâ€™:
[1.426s] [01m[K/home/navrajb/software/software-start-here/src/challenge/src/solution.cpp:40:10:[m[K [01;31m[Kerror: [m[Kâ€˜[01m[Kstruct geometry_msgs::msg::Twist_<std::allocator<void> >[m[Kâ€™ has no member named â€˜[01m[Kanguar[m[Kâ€™; did you mean â€˜[01m[Kangular[m[Kâ€™?
[1.426s]    40 |  message.[01;31m[Kanguar[m[K.x = 1;
[1.427s]       |          [01;31m[K^~~~~~[m[K
[1.427s]       |          [32m[Kangular[m[K
[1.433s] [01m[K/home/navrajb/software/software-start-here/src/challenge/src/solution.cpp:35:9:[m[K [01;35m[Kwarning: [m[Kunused variable â€˜[01m[Ktime_passed[m[Kâ€™ [[01;35m[K-Wunused-variable[m[K]
[1.433s]    35 |     int [01;35m[Ktime_passed[m[K = time(0);
[1.433s]       |         [01;35m[K^~~~~~~~~~~[m[K
[2.324s] make[2]: *** [CMakeFiles/solution.dir/build.make:63: CMakeFiles/solution.dir/src/solution.cpp.o] Error 1
[2.325s] make[1]: *** [CMakeFiles/Makefile2:78: CMakeFiles/solution.dir/all] Error 2
[2.325s] make: *** [Makefile:141: all] Error 2
[2.327s] Invoked command in '/home/navrajb/software/software-start-here/build/challenge' returned '2': CMAKE_PREFIX_PATH=/opt/ros/foxy /usr/bin/cmake --build /home/navrajb/software/software-start-here/build/challenge -- -j8 -l8
