[0.021s] Invoking command in '/home/navrajb/software/software-start-here/build/challenge': CMAKE_PREFIX_PATH=/opt/ros/foxy /usr/bin/cmake --build /home/navrajb/software/software-start-here/build/challenge -- -j8 -l8
[0.106s] [35m[1mScanning dependencies of target solution[0m
[0.160s] [ 50%] [32mBuilding CXX object CMakeFiles/solution.dir/src/solution.cpp.o[0m
[2.330s] [01m[K/home/navrajb/software/software-start-here/src/challenge/src/solution.cpp:[m[K In member function â€˜[01m[Kvoid MinimalPublisher::timer_callback()[m[Kâ€™:
[2.330s] [01m[K/home/navrajb/software/software-start-here/src/challenge/src/solution.cpp:38:23:[m[K [01;31m[Kerror: [m[Kâ€˜[01m[Kx[m[Kâ€™ was not declared in this scope
[2.330s]    38 |    message.linear.y = [01;31m[Kx[m[K;
[2.330s]       |                       [01;31m[K^[m[K
[3.417s] make[2]: *** [CMakeFiles/solution.dir/build.make:63: CMakeFiles/solution.dir/src/solution.cpp.o] Error 1
[3.417s] make[1]: *** [CMakeFiles/Makefile2:78: CMakeFiles/solution.dir/all] Error 2
[3.417s] make: *** [Makefile:141: all] Error 2
[3.420s] Invoked command in '/home/navrajb/software/software-start-here/build/challenge' returned '2': CMAKE_PREFIX_PATH=/opt/ros/foxy /usr/bin/cmake --build /home/navrajb/software/software-start-here/build/challenge -- -j8 -l8
