[0.010s] Invoking command in '/home/itaiboss/ros2_ws/src/build/challenge': CMAKE_PREFIX_PATH=/opt/ros/foxy /usr/bin/cmake /home/itaiboss/ros2_ws/src/challenge -DCMAKE_INSTALL_PREFIX=/home/itaiboss/ros2_ws/src/install/challenge
[0.051s] -- Found ament_cmake: 0.9.9 (/opt/ros/foxy/share/ament_cmake/cmake)
[0.079s] -- Found PythonInterp: /usr/bin/python3 (found suitable version "3.8.10", minimum required is "3") 
[0.080s] -- Using PYTHON_EXECUTABLE: /usr/bin/python3
[0.298s] -- Found turtlesim: 1.2.5 (/opt/ros/foxy/share/turtlesim/cmake)
[0.373s] -- Using all available rosidl_typesupport_c: rosidl_typesupport_fastrtps_c;rosidl_typesupport_introspection_c
[0.392s] -- Found rosidl_adapter: 1.2.1 (/opt/ros/foxy/share/rosidl_adapter/cmake)
[0.576s] -- Found OpenSSL: /usr/lib/x86_64-linux-gnu/libcrypto.so (found version "1.1.1f")  
[0.609s] -- Found FastRTPS: /opt/ros/foxy/include  
[0.750s] -- Using all available rosidl_typesupport_cpp: rosidl_typesupport_fastrtps_cpp;rosidl_typesupport_introspection_cpp
[0.964s] -- Found geometry_msgs: 2.0.4 (/opt/ros/foxy/share/geometry_msgs/cmake)
[1.062s] -- Found rclcpp: 2.4.0 (/opt/ros/foxy/share/rclcpp/cmake)
[1.175s] -- Found rmw_implementation_cmake: 1.0.3 (/opt/ros/foxy/share/rmw_implementation_cmake/cmake)
[1.179s] -- Using RMW implementation 'rmw_fastrtps_cpp' as default
[1.184s] -- Looking for pthread.h
[1.315s] -- Looking for pthread.h - found
[1.316s] -- Performing Test CMAKE_HAVE_LIBC_PTHREAD
[1.449s] -- Performing Test CMAKE_HAVE_LIBC_PTHREAD - Failed
[1.449s] -- Looking for pthread_create in pthreads
[1.541s] -- Looking for pthread_create in pthreads - not found
[1.544s] -- Looking for pthread_create in pthread
[1.644s] -- Looking for pthread_create in pthread - found
[1.645s] -- Found Threads: TRUE  
[1.922s] -- Found rclcpp_action: 2.4.0 (/opt/ros/foxy/share/rclcpp_action/cmake)
[1.981s] -- Found ament_lint_auto: 0.9.6 (/opt/ros/foxy/share/ament_lint_auto/cmake)
[2.065s] -- Added test 'copyright' to check source files copyright and LICENSE
[2.066s] -- Added test 'cppcheck' to perform static code analysis on C / C++ code
[2.067s] -- Configured cppcheck include dirs: $<BUILD_INTERFACE:/home/itaiboss/ros2_ws/src/challenge/include>
[2.067s] -- Configured cppcheck exclude dirs and/or files: 
[2.068s] -- Added test 'cpplint' to check C / C++ code against the Google style
[2.069s] -- Configured cpplint exclude dirs and/or files: 
[2.069s] -- Added test 'lint_cmake' to check CMake code style
[2.070s] -- Added test 'uncrustify' to check C / C++ code style
[2.072s] -- Configured uncrustify additional arguments: 
[2.072s] -- Added test 'xmllint' to check XML markup files
[2.074s] -- Configuring done
[2.085s] -- Generating done
[2.086s] -- Build files have been written to: /home/itaiboss/ros2_ws/src/build/challenge
[2.099s] Invoked command in '/home/itaiboss/ros2_ws/src/build/challenge' returned '0': CMAKE_PREFIX_PATH=/opt/ros/foxy /usr/bin/cmake /home/itaiboss/ros2_ws/src/challenge -DCMAKE_INSTALL_PREFIX=/home/itaiboss/ros2_ws/src/install/challenge
[2.104s] Invoking command in '/home/itaiboss/ros2_ws/src/build/challenge': CMAKE_PREFIX_PATH=/opt/ros/foxy /usr/bin/cmake --build /home/itaiboss/ros2_ws/src/build/challenge -- -j2 -l2
[2.171s] [35m[1mScanning dependencies of target solution[0m
[2.485s] [ 50%] [32mBuilding CXX object CMakeFiles/solution.dir/src/solution.cpp.o[0m
[4.098s] [01m[K/home/itaiboss/ros2_ws/src/challenge/src/solution.cpp:17:14:[m[K [01;31m[Kerror: [m[KISO C++ forbids declaration of â€˜[01m[Ksolution[m[Kâ€™ with no type [[01;31m[K-fpermissive[m[K]
[4.098s]    17 |     solution([01;31m[K)[m[K : Node("solution"), count_(0)
[4.099s]       |              [01;31m[K^[m[K
[4.102s] [01m[K/home/itaiboss/ros2_ws/src/challenge/src/solution.cpp:38:23:[m[K [01;31m[Kerror: [m[Kâ€˜[01m[Kgeometry_msg[m[Kâ€™ was not declared in this scope
[4.102s]    38 |     rclcpp::Publisher<[01;31m[Kgeometry_msg[m[K::msg::Twist>::SharedPtr publisher_;
[4.102s]       |                       [01;31m[K^~~~~~~~~~~~[m[K
[4.102s] [01m[K/home/itaiboss/ros2_ws/src/challenge/src/solution.cpp:38:47:[m[K [01;31m[Kerror: [m[Ktemplate argument 1 is invalid
[4.102s]    38 |     rclcpp::Publisher<geometry_msg::msg::Twist[01;31m[K>[m[K::SharedPtr publisher_;
[4.102s]       |                                               [01;31m[K^[m[K
[4.104s] [01m[K/home/itaiboss/ros2_ws/src/challenge/src/solution.cpp:38:50:[m[K [01;31m[Kerror: [m[Kexpected â€˜[01m[K;[m[Kâ€™ at end of member declaration
[4.104s]    38 |     rclcpp::Publisher<geometry_msg::msg::Twist>::[01;31m[KSharedPtr[m[K publisher_;
[4.105s]       |                                                  [01;31m[K^~~~~~~~~[m[K
[4.105s]       |                                                           [32m[K;[m[K
[4.105s] [01m[K/home/itaiboss/ros2_ws/src/challenge/src/solution.cpp:38:60:[m[K [01;31m[Kerror: [m[Kâ€˜[01m[Kpublisher_[m[Kâ€™ does not name a type; did you mean â€˜[01m[Krcl_publisher_t[m[Kâ€™?
[4.105s]    38 |     rclcpp::Publisher<geometry_msg::msg::Twist>::SharedPtr [01;31m[Kpublisher_[m[K;
[4.105s]       |                                                            [01;31m[K^~~~~~~~~~[m[K
[4.105s]       |                                                            [32m[Krcl_publisher_t[m[K
[4.105s] [01m[K/home/itaiboss/ros2_ws/src/challenge/src/solution.cpp:39:12:[m[K [01;31m[Kerror: [m[Kredeclaration of â€˜[01m[Ksize_t Solution::count_[m[Kâ€™
[4.105s]    39 |     size_t [01;31m[Kcount_[m[K;
[4.105s]       |            [01;31m[K^~~~~~[m[K
[4.106s] [01m[K/home/itaiboss/ros2_ws/src/challenge/src/solution.cpp:26:9:[m[K [01;36m[Knote: [m[Kprevious declaration â€˜[01m[Kint Solution::count_[m[Kâ€™
[4.106s]    26 |     int [01;36m[Kcount_[m[K;
[4.106s]       |         [01;36m[K^~~~~~[m[K
[4.106s] [01m[K/home/itaiboss/ros2_ws/src/challenge/src/solution.cpp:[m[K In member function â€˜[01m[Kint Solution::solution()[m[Kâ€™:
[4.106s] [01m[K/home/itaiboss/ros2_ws/src/challenge/src/solution.cpp:17:18:[m[K [01;31m[Kerror: [m[Konly constructors take member initializers
[4.107s]    17 |     solution() : [01;31m[KNode[m[K("solution"), count_(0)
[4.107s]       |                  [01;31m[K^~~~[m[K
[4.107s] [01m[K/home/itaiboss/ros2_ws/src/challenge/src/solution.cpp:19:7:[m[K [01;31m[Kerror: [m[Kâ€˜[01m[Kpublisher_[m[Kâ€™ was not declared in this scope; did you mean â€˜[01m[Krcl_publisher_t[m[Kâ€™?
[4.108s]    19 |       [01;31m[Kpublisher_[m[K = this->create_publisher<geometry_msgs::msg::Twist>("turtle1/cmd_vel", 20);
[4.108s]       |       [01;31m[K^~~~~~~~~~[m[K
[4.108s]       |       [32m[Krcl_publisher_t[m[K
[4.114s] [01m[K/home/itaiboss/ros2_ws/src/challenge/src/solution.cpp:19:43:[m[K [01;31m[Kerror: [m[Kâ€˜[01m[Kgeometry_msgs[m[Kâ€™ was not declared in this scope
[4.116s]    19 |       publisher_ = this->create_publisher<[01;31m[Kgeometry_msgs[m[K::msg::Twist>("turtle1/cmd_vel", 20);
[4.117s]       |                                           [01;31m[K^~~~~~~~~~~~~[m[K
[4.117s] [01m[K/home/itaiboss/ros2_ws/src/challenge/src/solution.cpp:19:26:[m[K [01;31m[Kerror: [m[Kparse error in template argument list
[4.118s]    19 |       publisher_ = this->[01;31m[Kcreate_publisher<geometry_msgs::msg::Twist>[m[K("turtle1/cmd_vel", 20);
[4.118s]       |                          [01;31m[K^~~~~~~~~~~~~~~~~~~~~~~~~~~~~~~~~~~~~~~~~~~[m[K
[4.118s] [01m[K/home/itaiboss/ros2_ws/src/challenge/src/solution.cpp:19:91:[m[K [01;31m[Kerror: [m[Kno matching function for call to â€˜[01m[KSolution::create_publisher<<expression error> >(const char [16], int)[m[Kâ€™
[4.118s]    19 | te_publisher<geometry_msgs::msg::Twist>("turtle1/cmd_vel", 20[01;31m[K)[m[K;
[4.118s]       |                                                              [01;31m[K^[m[K
[4.118s] 
[4.119s] In file included from [01m[K/opt/ros/foxy/include/rclcpp/executors/single_threaded_executor.hpp:28[m[K,
[4.119s]                  from [01m[K/opt/ros/foxy/include/rclcpp/executors.hpp:22[m[K,
[4.119s]                  from [01m[K/opt/ros/foxy/include/rclcpp/rclcpp.hpp:146[m[K,
[4.119s]                  from [01m[K/home/itaiboss/ros2_ws/src/challenge/src/solution.cpp:6[m[K:
[4.119s] [01m[K/opt/ros/foxy/include/rclcpp/node.hpp:184:3:[m[K [01;36m[Knote: [m[Kcandidate: â€˜[01m[Ktemplate<class MessageT, class AllocatorT, class PublisherT> std::shared_ptr<PublisherT> rclcpp::Node::create_publisher(const string&, const rclcpp::QoS&, const rclcpp::PublisherOptionsWithAllocator<AllocatorT>&)[m[Kâ€™
[4.119s]   184 |   [01;36m[Kcreate_publisher[m[K(
[4.119s]       |   [01;36m[K^~~~~~~~~~~~~~~~[m[K
[4.119s] [01m[K/opt/ros/foxy/include/rclcpp/node.hpp:184:3:[m[K [01;36m[Knote: [m[K  template argument deduction/substitution failed:
[4.119s] [01m[K/home/itaiboss/ros2_ws/src/challenge/src/solution.cpp:19:91:[m[K [01;31m[Kerror: [m[Ktemplate argument 1 is invalid
[4.119s]    19 | te_publisher<geometry_msgs::msg::Twist>("turtle1/cmd_vel", 20[01;31m[K)[m[K;
[4.120s]       |                                                              [01;31m[K^[m[K
[4.120s] 
[4.120s] [01m[K/home/itaiboss/ros2_ws/src/challenge/src/solution.cpp:21:24:[m[K [01;31m[Kerror: [m[Kâ€˜[01m[Ksolution[m[Kâ€™ is not a class, namespace, or enumeration
[4.121s]    21 |       20ms, std::bind(&[01;31m[Ksolution[m[K::timer_callback, this));
[4.122s]       |                        [01;31m[K^~~~~~~~[m[K
[4.123s] [01m[K/home/itaiboss/ros2_ws/src/challenge/src/solution.cpp:22:5:[m[K [01;35m[Kwarning: [m[Kno return statement in function returning non-void [[01;35m[K-Wreturn-type[m[K]
[4.123s]    22 |     [01;35m[K}[m[K
[4.123s]       |     [01;35m[K^[m[K
[4.123s] [01m[K/home/itaiboss/ros2_ws/src/challenge/src/solution.cpp:[m[K In member function â€˜[01m[Kvoid Solution::timer_callback()[m[Kâ€™:
[4.124s] [01m[K/home/itaiboss/ros2_ws/src/challenge/src/solution.cpp:31:22:[m[K [01;31m[Kerror: [m[Kâ€˜[01m[Kgeometry_msgs[m[Kâ€™ has not been declared
[4.124s]    31 |       auto message = [01;31m[Kgeometry_msgs[m[K::msg::Twist();
[4.124s]       |                      [01;31m[K^~~~~~~~~~~~~[m[K
[4.124s] [01m[K/home/itaiboss/ros2_ws/src/challenge/src/solution.cpp:32:26:[m[K [01;31m[Kerror: [m[Kunable to find numeric literal operator â€˜[01m[Koperator""sin[m[Kâ€™
[4.124s]    32 |       message.linear.y = [01;31m[K5sin[m[K(count_)
[4.124s]       |                          [01;31m[K^~~~[m[K
[4.124s] [01m[K/home/itaiboss/ros2_ws/src/challenge/src/solution.cpp:35:7:[m[K [01;31m[Kerror: [m[Kâ€˜[01m[Kpublisher_[m[Kâ€™ was not declared in this scope; did you mean â€˜[01m[Krcl_publisher_t[m[Kâ€™?
[4.124s]    35 |       [01;31m[Kpublisher_[m[K->publish(message);
[4.124s]       |       [01;31m[K^~~~~~~~~~[m[K
[4.124s]       |       [32m[Krcl_publisher_t[m[K
[4.125s] [01m[K/home/itaiboss/ros2_ws/src/challenge/src/solution.cpp:30:9:[m[K [01;35m[Kwarning: [m[Kunused variable â€˜[01m[Ktime[m[Kâ€™ [[01;35m[K-Wunused-variable[m[K]
[4.125s]    30 |     int [01;35m[Ktime[m[K;
[4.125s]       |         [01;35m[K^~~~[m[K
[4.126s] [01m[K/home/itaiboss/ros2_ws/src/challenge/src/solution.cpp:[m[K In function â€˜[01m[Kint main(int, char**)[m[Kâ€™:
[4.126s] [01m[K/home/itaiboss/ros2_ws/src/challenge/src/solution.cpp:45:33:[m[K [01;31m[Kerror: [m[Kâ€˜[01m[KMinimalPublisher[m[Kâ€™ was not declared in this scope
[4.126s]    45 |   rclcpp::spin(std::make_shared<[01;31m[KMinimalPublisher[m[K>());
[4.126s]       |                                 [01;31m[K^~~~~~~~~~~~~~~~[m[K
[4.126s] [01m[K/home/itaiboss/ros2_ws/src/challenge/src/solution.cpp:45:51:[m[K [01;31m[Kerror: [m[Kno matching function for call to â€˜[01m[Kmake_shared<<expression error> >()[m[Kâ€™
[4.126s]    45 |   rclcpp::spin(std::make_shared<MinimalPublisher>([01;31m[K)[m[K);
[4.127s]       |                                                   [01;31m[K^[m[K
[4.127s] In file included from [01m[K/usr/include/c++/9/memory:81[m[K,
[4.127s]                  from [01m[K/home/itaiboss/ros2_ws/src/challenge/src/solution.cpp:3[m[K:
[4.127s] [01m[K/usr/include/c++/9/bits/shared_ptr.h:714:5:[m[K [01;36m[Knote: [m[Kcandidate: â€˜[01m[Ktemplate<class _Tp, class ... _Args> std::shared_ptr<_Tp> std::make_shared(_Args&& ...)[m[Kâ€™
[4.127s]   714 |     [01;36m[Kmake_shared[m[K(_Args&&... __args)
[4.127s]       |     [01;36m[K^~~~~~~~~~~[m[K
[4.127s] [01m[K/usr/include/c++/9/bits/shared_ptr.h:714:5:[m[K [01;36m[Knote: [m[K  template argument deduction/substitution failed:
[4.128s] [01m[K/home/itaiboss/ros2_ws/src/challenge/src/solution.cpp:45:51:[m[K [01;31m[Kerror: [m[Ktemplate argument 1 is invalid
[4.128s]    45 |   rclcpp::spin(std::make_shared<MinimalPublisher>([01;31m[K)[m[K);
[4.128s]       |                                                   [01;31m[K^[m[K
[4.602s] make[2]: *** [CMakeFiles/solution.dir/build.make:63: CMakeFiles/solution.dir/src/solution.cpp.o] Error 1
[4.605s] make[1]: *** [CMakeFiles/Makefile2:78: CMakeFiles/solution.dir/all] Error 2
[4.606s] make: *** [Makefile:141: all] Error 2
[4.615s] Invoked command in '/home/itaiboss/ros2_ws/src/build/challenge' returned '2': CMAKE_PREFIX_PATH=/opt/ros/foxy /usr/bin/cmake --build /home/itaiboss/ros2_ws/src/build/challenge -- -j2 -l2
