[0.024s] Invoking command in '/home/navrajb/software/software-start-here/build/challenge': CMAKE_PREFIX_PATH=/opt/ros/foxy /usr/bin/cmake --build /home/navrajb/software/software-start-here/build/challenge -- -j8 -l8
[0.086s] [35m[1mScanning dependencies of target solution[0m
[0.127s] [ 50%] [32mBuilding CXX object CMakeFiles/solution.dir/src/solution.cpp.o[0m
[1.787s] [01m[K/home/navrajb/software/software-start-here/src/challenge/src/solution.cpp:[m[K In member function â€˜[01m[Kvoid MinimalPublisher::timer_callback()[m[Kâ€™:
[1.788s] [01m[K/home/navrajb/software/software-start-here/src/challenge/src/solution.cpp:38:12:[m[K [01;31m[Kerror: [m[Kâ€˜[01m[Kstruct geometry_msgs::msg::Twist_<std::allocator<void> >[m[Kâ€™ has no member named â€˜[01m[Klinears[m[Kâ€™; did you mean â€˜[01m[Klinear[m[Kâ€™?
[1.788s]    38 |    message.[01;31m[Klinears[m[K.y = sin(time_passed);
[1.788s]       |            [01;31m[K^~~~~~~[m[K
[1.788s]       |            [32m[Klinear[m[K
[2.907s] make[2]: *** [CMakeFiles/solution.dir/build.make:63: CMakeFiles/solution.dir/src/solution.cpp.o] Error 1
[2.908s] make[1]: *** [CMakeFiles/Makefile2:78: CMakeFiles/solution.dir/all] Error 2
[2.908s] make: *** [Makefile:141: all] Error 2
[2.912s] Invoked command in '/home/navrajb/software/software-start-here/build/challenge' returned '2': CMAKE_PREFIX_PATH=/opt/ros/foxy /usr/bin/cmake --build /home/navrajb/software/software-start-here/build/challenge -- -j8 -l8
