[35m[1mScanning dependencies of target solution[0m
[ 50%] [32mBuilding CXX object CMakeFiles/solution.dir/src/solution.cpp.o[0m
[01m[K/home/itaiboss/ros2_ws/src/challenge/src/solution.cpp:9:12:[m[K [01;31m[Kerror: [m[Kâ€˜[01m[Kstd::placeholder[m[Kâ€™ has not been declared
    9 | using std::[01;31m[Kplaceholder[m[K::_1
      |            [01;31m[K^~~~~~~~~~~[m[K
[01m[K/home/itaiboss/ros2_ws/src/challenge/src/solution.cpp:9:27:[m[K [01;31m[Kerror: [m[Kexpected â€˜[01m[K;[m[Kâ€™ before â€˜[01m[Kusing[m[Kâ€™
    9 | using std::placeholder::_1
      |                           [01;31m[K^[m[K
      |                           [32m[K;[m[K
   10 | [32m[Kusing[m[K namespace std::chrono_literals;
      | [32m[K~~~~~[m[K                      
make[2]: *** [CMakeFiles/solution.dir/build.make:63: CMakeFiles/solution.dir/src/solution.cpp.o] Error 1
make[1]: *** [CMakeFiles/Makefile2:78: CMakeFiles/solution.dir/all] Error 2
make: *** [Makefile:141: all] Error 2
