[0.142s] Invoking command in '/home/hashaam/Documents/software-start-here/build/challenge': CMAKE_PREFIX_PATH=${CMAKE_PREFIX_PATH}:/home/hashaam/Documents/triton/install/triton_teleop:/home/hashaam/Documents/triton/install/triton_pipeline:/home/hashaam/Documents/triton/install/triton_bringup:/opt/ros/foxy /usr/bin/cmake --build /home/hashaam/Documents/software-start-here/build/challenge -- -j16 -l16
[0.204s] [35m[1mScanning dependencies of target solution[0m
[0.232s] [ 50%] [32mBuilding CXX object CMakeFiles/solution.dir/src/solution.cpp.o[0m
[1.048s] [01m[K/home/hashaam/Documents/software-start-here/src/challenge/src/solution.cpp:[m[K In constructor â€˜[01m[KTurtleSimController::TurtleSimController()[m[Kâ€™:
[1.048s] [01m[K/home/hashaam/Documents/software-start-here/src/challenge/src/solution.cpp:22:5:[m[K [01;31m[Kerror: [m[Kâ€˜[01m[Ktimer_[m[Kâ€™ was not declared in this scope; did you mean â€˜[01m[Ktimer_t[m[Kâ€™?
[1.048s]    22 |     [01;31m[Ktimer_[m[K = this->create_wall_timer(500ms, std::bind(&MinimalPublisher::timer_callback, this));
[1.048s]       |     [01;31m[K^~~~~~[m[K
[1.048s]       |     [32m[Ktimer_t[m[K
[1.048s] [01m[K/home/hashaam/Documents/software-start-here/src/challenge/src/solution.cpp:22:56:[m[K [01;31m[Kerror: [m[Kâ€˜[01m[KMinimalPublisher[m[Kâ€™ has not been declared
[1.048s]    22 |     timer_ = this->create_wall_timer(500ms, std::bind(&[01;31m[KMinimalPublisher[m[K::timer_callback, this));
[1.048s]       |                                                        [01;31m[K^~~~~~~~~~~~~~~~[m[K
[1.630s] make[2]: *** [CMakeFiles/solution.dir/build.make:63: CMakeFiles/solution.dir/src/solution.cpp.o] Error 1
[1.630s] make[1]: *** [CMakeFiles/Makefile2:78: CMakeFiles/solution.dir/all] Error 2
[1.631s] make: *** [Makefile:141: all] Error 2
[1.634s] Invoked command in '/home/hashaam/Documents/software-start-here/build/challenge' returned '2': CMAKE_PREFIX_PATH=${CMAKE_PREFIX_PATH}:/home/hashaam/Documents/triton/install/triton_teleop:/home/hashaam/Documents/triton/install/triton_pipeline:/home/hashaam/Documents/triton/install/triton_bringup:/opt/ros/foxy /usr/bin/cmake --build /home/hashaam/Documents/software-start-here/build/challenge -- -j16 -l16
