[35m[1mScanning dependencies of target solution[0m
[ 50%] [32mBuilding CXX object CMakeFiles/solution.dir/src/solution.cpp.o[0m
[01m[K/home/itaiboss/ros2_ws/src/challenge/src/solution.cpp:[m[K In member function â€˜[01m[Kvoid solution::timer_callback()[m[Kâ€™:
[01m[K/home/itaiboss/ros2_ws/src/challenge/src/solution.cpp:38:26:[m[K [01;31m[Kerror: [m[Kunable to find numeric literal operator â€˜[01m[Koperator""sin[m[Kâ€™
   38 |       message.linear.y = [01;31m[K5sin[m[K(count_)
      |                          [01;31m[K^~~~[m[K
[01m[K/home/itaiboss/ros2_ws/src/challenge/src/solution.cpp:36:9:[m[K [01;35m[Kwarning: [m[Kunused variable â€˜[01m[Ktime[m[Kâ€™ [[01;35m[K-Wunused-variable[m[K]
   36 |     int [01;35m[Ktime[m[K;
      |         [01;35m[K^~~~[m[K
make[2]: *** [CMakeFiles/solution.dir/build.make:63: CMakeFiles/solution.dir/src/solution.cpp.o] Error 1
make[1]: *** [CMakeFiles/Makefile2:78: CMakeFiles/solution.dir/all] Error 2
make: *** [Makefile:141: all] Error 2
