[0.020s] Invoking command in '/home/navrajb/software/software-start-here/build/challenge': CMAKE_PREFIX_PATH=${CMAKE_PREFIX_PATH}:/opt/ros/foxy /usr/bin/cmake --build /home/navrajb/software/software-start-here/build/challenge -- -j8 -l8
[0.068s] [35m[1mScanning dependencies of target solution[0m
[0.105s] [ 50%] [32mBuilding CXX object CMakeFiles/solution.dir/src/solution.cpp.o[0m
[1.320s] [01m[K/home/navrajb/software/software-start-here/src/challenge/src/solution.cpp:41:43:[m[K [01;31m[Kerror: [m[Kâ€˜[01m[KString[m[Kâ€™ is not a member of â€˜[01m[Kgeometry_msgs::msg[m[Kâ€™; did you mean â€˜[01m[Kstd_msgs::msg::String[m[Kâ€™?
[1.320s]    41 |     rclcpp::Publisher<geometry_msgs::msg::[01;31m[KString[m[K>::SharedPtr publisher_;
[1.320s]       |                                           [01;31m[K^~~~~~[m[K
[1.320s] In file included from [01m[K/opt/ros/foxy/include/std_msgs/msg/string.hpp:7[m[K,
[1.320s]                  from [01m[K/home/navrajb/software/software-start-here/src/challenge/src/solution.cpp:8[m[K:
[1.320s] [01m[K/opt/ros/foxy/include/std_msgs/msg/detail/string__struct.hpp:121:7:[m[K [01;36m[Knote: [m[Kâ€˜[01m[Kstd_msgs::msg::String[m[Kâ€™ declared here
[1.320s]   121 | using [01;36m[KString[m[K =
[1.320s]       |       [01;36m[K^~~~~~[m[K
[1.320s] [01m[K/home/navrajb/software/software-start-here/src/challenge/src/solution.cpp:41:43:[m[K [01;31m[Kerror: [m[Kâ€˜[01m[KString[m[Kâ€™ is not a member of â€˜[01m[Kgeometry_msgs::msg[m[Kâ€™; did you mean â€˜[01m[Kstd_msgs::msg::String[m[Kâ€™?
[1.320s]    41 |     rclcpp::Publisher<geometry_msgs::msg::[01;31m[KString[m[K>::SharedPtr publisher_;
[1.321s]       |                                           [01;31m[K^~~~~~[m[K
[1.321s] In file included from [01m[K/opt/ros/foxy/include/std_msgs/msg/string.hpp:7[m[K,
[1.321s]                  from [01m[K/home/navrajb/software/software-start-here/src/challenge/src/solution.cpp:8[m[K:
[1.321s] [01m[K/opt/ros/foxy/include/std_msgs/msg/detail/string__struct.hpp:121:7:[m[K [01;36m[Knote: [m[Kâ€˜[01m[Kstd_msgs::msg::String[m[Kâ€™ declared here
[1.321s]   121 | using [01;36m[KString[m[K =
[1.321s]       |       [01;36m[K^~~~~~[m[K
[1.321s] [01m[K/home/navrajb/software/software-start-here/src/challenge/src/solution.cpp:41:49:[m[K [01;31m[Kerror: [m[Ktemplate argument 1 is invalid
[1.321s]    41 |     rclcpp::Publisher<geometry_msgs::msg::String[01;31m[K>[m[K::SharedPtr publisher_;
[1.321s]       |                                                 [01;31m[K^[m[K
[1.321s] [01m[K/home/navrajb/software/software-start-here/src/challenge/src/solution.cpp:41:52:[m[K [01;31m[Kerror: [m[Kexpected â€˜[01m[K;[m[Kâ€™ at end of member declaration
[1.321s]    41 |     rclcpp::Publisher<geometry_msgs::msg::String>::[01;31m[KSharedPtr[m[K publisher_;
[1.321s]       |                                                    [01;31m[K^~~~~~~~~[m[K
[1.321s]       |                                                             [32m[K;[m[K
[1.322s] [01m[K/home/navrajb/software/software-start-here/src/challenge/src/solution.cpp:41:62:[m[K [01;31m[Kerror: [m[Kâ€˜[01m[Kpublisher_[m[Kâ€™ does not name a type; did you mean â€˜[01m[Krcl_publisher_t[m[Kâ€™?
[1.322s]    41 |     rclcpp::Publisher<geometry_msgs::msg::String>::SharedPtr [01;31m[Kpublisher_[m[K;
[1.322s]       |                                                              [01;31m[K^~~~~~~~~~[m[K
[1.322s]       |                                                              [32m[Krcl_publisher_t[m[K
[1.325s] [01m[K/home/navrajb/software/software-start-here/src/challenge/src/solution.cpp:[m[K In constructor â€˜[01m[KMinimalPublisher::MinimalPublisher()[m[Kâ€™:
[1.325s] [01m[K/home/navrajb/software/software-start-here/src/challenge/src/solution.cpp:20:7:[m[K [01;31m[Kerror: [m[Kâ€˜[01m[Kpublisher_[m[Kâ€™ was not declared in this scope; did you mean â€˜[01m[Krcl_publisher_t[m[Kâ€™?
[1.325s]    20 |       [01;31m[Kpublisher_[m[K = this->create_publisher<std_msgs::msg::String>("turtle1/cmd_vel", 1);
[1.325s]       |       [01;31m[K^~~~~~~~~~[m[K
[1.325s]       |       [32m[Krcl_publisher_t[m[K
[1.328s] [01m[K/home/navrajb/software/software-start-here/src/challenge/src/solution.cpp:22:7:[m[K [01;31m[Kerror: [m[Kunable to find numeric literal operator â€˜[01m[Koperator""ms[m[Kâ€™
[1.328s]    22 |       [01;31m[K50ms[m[K, std::bind(&MinimalPublisher::timer_callback, this));
[1.328s]       |       [01;31m[K^~~~[m[K
[1.335s] [01m[K/home/navrajb/software/software-start-here/src/challenge/src/solution.cpp:[m[K In member function â€˜[01m[Kvoid MinimalPublisher::timer_callback()[m[Kâ€™:
[1.335s] [01m[K/home/navrajb/software/software-start-here/src/challenge/src/solution.cpp:28:17:[m[K [01;31m[Kerror: [m[Kâ€˜[01m[KTwist[m[Kâ€™ is not a member of â€˜[01m[Kgeometry_msgs[m[Kâ€™; did you mean â€˜[01m[Kgeometry_msgs::msg::Twist[m[Kâ€™?
[1.335s]    28 |  geometry_msgs::[01;31m[KTwist[m[K twist;
[1.335s]       |                 [01;31m[K^~~~~[m[K
[1.335s] In file included from [01m[K/opt/ros/foxy/include/geometry_msgs/msg/twist.hpp:7[m[K,
[1.335s]                  from [01m[K/home/navrajb/software/software-start-here/src/challenge/src/solution.cpp:9[m[K:
[1.335s] [01m[K/opt/ros/foxy/include/geometry_msgs/msg/detail/twist__struct.hpp:133:7:[m[K [01;36m[Knote: [m[Kâ€˜[01m[Kgeometry_msgs::msg::Twist[m[Kâ€™ declared here
[1.336s]   133 | using [01;36m[KTwist[m[K =
[1.336s]       |       [01;36m[K^~~~~[m[K
[1.336s] [01m[K/home/navrajb/software/software-start-here/src/challenge/src/solution.cpp:29:4:[m[K [01;31m[Kerror: [m[Kâ€˜[01m[Ktwist[m[Kâ€™ was not declared in this scope
[1.336s]    29 |    [01;31m[Ktwist[m[K.linear.x = 1;
[1.337s]       |    [01;31m[K^~~~~[m[K
[1.338s] [01m[K/home/navrajb/software/software-start-here/src/challenge/src/solution.cpp:35:4:[m[K [01;31m[Kerror: [m[Kâ€˜[01m[Ktwist_pub[m[Kâ€™ was not declared in this scope
[1.338s]    35 |    [01;31m[Ktwist_pub[m[K.publish(twist);
[1.339s]       |    [01;31m[K^~~~~~~~~[m[K
[1.340s] [01m[K/home/navrajb/software/software-start-here/src/challenge/src/solution.cpp:38:7:[m[K [01;31m[Kerror: [m[Kâ€˜[01m[Kpublisher_[m[Kâ€™ was not declared in this scope; did you mean â€˜[01m[Krcl_publisher_t[m[Kâ€™?
[1.341s]    38 |       [01;31m[Kpublisher_[m[K->publish(message);
[1.341s]       |       [01;31m[K^~~~~~~~~~[m[K
[1.341s]       |       [32m[Krcl_publisher_t[m[K
[1.342s] [01m[K/home/navrajb/software/software-start-here/src/challenge/src/solution.cpp:38:27:[m[K [01;31m[Kerror: [m[Kâ€˜[01m[Kmessage[m[Kâ€™ was not declared in this scope
[1.342s]    38 |       publisher_->publish([01;31m[Kmessage[m[K);
[1.342s]       |                           [01;31m[K^~~~~~~[m[K
[1.949s] make[2]: *** [CMakeFiles/solution.dir/build.make:63: CMakeFiles/solution.dir/src/solution.cpp.o] Error 1
[1.949s] make[1]: *** [CMakeFiles/Makefile2:78: CMakeFiles/solution.dir/all] Error 2
[1.950s] make: *** [Makefile:141: all] Error 2
[1.952s] Invoked command in '/home/navrajb/software/software-start-here/build/challenge' returned '2': CMAKE_PREFIX_PATH=${CMAKE_PREFIX_PATH}:/opt/ros/foxy /usr/bin/cmake --build /home/navrajb/software/software-start-here/build/challenge -- -j8 -l8
