[0.161s] Invoking command in '/home/hashaam/Documents/software-start-here/build/challenge': CMAKE_PREFIX_PATH=${CMAKE_PREFIX_PATH}:/home/hashaam/Documents/triton/install/triton_teleop:/home/hashaam/Documents/triton/install/triton_pipeline:/home/hashaam/Documents/triton/install/triton_bringup:/opt/ros/foxy /usr/bin/cmake --build /home/hashaam/Documents/software-start-here/build/challenge -- -j16 -l16
[0.205s] [35m[1mScanning dependencies of target solution[0m
[0.228s] [ 50%] [32mBuilding CXX object CMakeFiles/solution.dir/src/solution.cpp.o[0m
[1.312s] [01m[K/home/hashaam/Documents/software-start-here/src/challenge/src/solution.cpp:[m[K In member function â€˜[01m[Kvoid TurtleSimController::timer_callback()[m[Kâ€™:
[1.312s] [01m[K/home/hashaam/Documents/software-start-here/src/challenge/src/solution.cpp:34:27:[m[K [01;31m[Kerror: [m[Kâ€˜[01m[Ksine_function[m[Kâ€™ was not declared in this scope
[1.312s]    34 |       message.angular.y = [01;31m[Ksine_function[m[K(message);
[1.312s]       |                           [01;31m[K^~~~~~~~~~~~~[m[K
[2.201s] make[2]: *** [CMakeFiles/solution.dir/build.make:63: CMakeFiles/solution.dir/src/solution.cpp.o] Error 1
[2.201s] make[1]: *** [CMakeFiles/Makefile2:78: CMakeFiles/solution.dir/all] Error 2
[2.201s] make: *** [Makefile:141: all] Error 2
[2.204s] Invoked command in '/home/hashaam/Documents/software-start-here/build/challenge' returned '2': CMAKE_PREFIX_PATH=${CMAKE_PREFIX_PATH}:/home/hashaam/Documents/triton/install/triton_teleop:/home/hashaam/Documents/triton/install/triton_pipeline:/home/hashaam/Documents/triton/install/triton_bringup:/opt/ros/foxy /usr/bin/cmake --build /home/hashaam/Documents/software-start-here/build/challenge -- -j16 -l16
