[0.148s] Invoking command in '/home/hashaam/Documents/software-start-here/build/challenge': CMAKE_PREFIX_PATH=${CMAKE_PREFIX_PATH}:/home/hashaam/Documents/triton/install/triton_teleop:/home/hashaam/Documents/triton/install/triton_pipeline:/home/hashaam/Documents/triton/install/triton_bringup:/opt/ros/foxy /usr/bin/cmake --build /home/hashaam/Documents/software-start-here/build/challenge -- -j16 -l16
[0.193s] [35m[1mScanning dependencies of target solution[0m
[0.220s] [ 50%] [32mBuilding CXX object CMakeFiles/solution.dir/src/solution.cpp.o[0m
[1.361s] [01m[K/home/hashaam/Documents/software-start-here/src/challenge/src/solution.cpp:[m[K In function â€˜[01m[Kdouble sine_function(geometry_msgs::msg::Twist)[m[Kâ€™:
[1.361s] [01m[K/home/hashaam/Documents/software-start-here/src/challenge/src/solution.cpp:44:5:[m[K [01;31m[Kerror: [m[Kâ€˜[01m[Kmessage[m[Kâ€™ was not declared in this scope
[1.361s]    44 |     [01;31m[Kmessage[m[K.linear.x = 1.0;
[1.361s]       |     [01;31m[K^~~~~~~[m[K
[1.361s] [01m[K/home/hashaam/Documents/software-start-here/src/challenge/src/solution.cpp:46:1:[m[K [01;35m[Kwarning: [m[Kno return statement in function returning non-void [[01;35m[K-Wreturn-type[m[K]
[1.361s]    46 | [01;35m[K}[m[K
[1.361s]       | [01;35m[K^[m[K
[1.361s] [01m[K/home/hashaam/Documents/software-start-here/src/challenge/src/solution.cpp:42:48:[m[K [01;35m[Kwarning: [m[Kunused parameter â€˜[01m[Ktwist_msg[m[Kâ€™ [[01;35m[K-Wunused-parameter[m[K]
[1.361s]    42 | double sine_function([01;35m[Kgeometry_msgs::msg::Twist twist_msg[m[K)
[1.361s]       |                      [01;35m[K~~~~~~~~~~~~~~~~~~~~~~~~~~^~~~~~~~~[m[K
[2.269s] make[2]: *** [CMakeFiles/solution.dir/build.make:63: CMakeFiles/solution.dir/src/solution.cpp.o] Error 1
[2.269s] make[1]: *** [CMakeFiles/Makefile2:78: CMakeFiles/solution.dir/all] Error 2
[2.269s] make: *** [Makefile:141: all] Error 2
[2.272s] Invoked command in '/home/hashaam/Documents/software-start-here/build/challenge' returned '2': CMAKE_PREFIX_PATH=${CMAKE_PREFIX_PATH}:/home/hashaam/Documents/triton/install/triton_teleop:/home/hashaam/Documents/triton/install/triton_pipeline:/home/hashaam/Documents/triton/install/triton_bringup:/opt/ros/foxy /usr/bin/cmake --build /home/hashaam/Documents/software-start-here/build/challenge -- -j16 -l16
