[35m[1mScanning dependencies of target solution[0m
[ 50%] [32mBuilding CXX object CMakeFiles/solution.dir/src/solution.cpp.o[0m
[01m[K/home/navrajb/software/software-start-here/src/challenge/src/solution.cpp:[m[K In member function â€˜[01m[Kvoid MinimalPublisher::timer_callback()[m[Kâ€™:
[01m[K/home/navrajb/software/software-start-here/src/challenge/src/solution.cpp:36:36:[m[K [01;31m[Kerror: [m[Kâ€˜[01m[Kseconds[m[Kâ€™ was not declared in this scope; did you mean â€˜[01m[Kstd::chrono::seconds[m[Kâ€™?
   36 |    message.linear.x = 0.05*  ((-1)^[01;31m[Kseconds[m[K);
      |                                    [01;31m[K^~~~~~~[m[K
      |                                    [32m[Kstd::chrono::seconds[m[K
In file included from [01m[K/home/navrajb/software/software-start-here/src/challenge/src/solution.cpp:2[m[K:
[01m[K/usr/include/c++/9/chrono:614:53:[m[K [01;36m[Knote: [m[Kâ€˜[01m[Kstd::chrono::seconds[m[Kâ€™ declared here
  614 |     typedef duration<_GLIBCXX_CHRONO_INT64_T>       [01;36m[Kseconds[m[K;
      |                                                     [01;36m[K^~~~~~~[m[K
[01m[K/home/navrajb/software/software-start-here/src/challenge/src/solution.cpp:34:9:[m[K [01;35m[Kwarning: [m[Kunused variable â€˜[01m[Ktime_passed[m[Kâ€™ [[01;35m[K-Wunused-variable[m[K]
   34 |     int [01;35m[Ktime_passed[m[K = time(0)/1000;
      |         [01;35m[K^~~~~~~~~~~[m[K
make[2]: *** [CMakeFiles/solution.dir/build.make:63: CMakeFiles/solution.dir/src/solution.cpp.o] Error 1
make[1]: *** [CMakeFiles/Makefile2:78: CMakeFiles/solution.dir/all] Error 2
make: *** [Makefile:141: all] Error 2
