[0.016s] Invoking command in '/home/navrajb/software/software-start-here/build/challenge': CMAKE_PREFIX_PATH=/opt/ros/foxy /usr/bin/cmake --build /home/navrajb/software/software-start-here/build/challenge -- -j8 -l8
[0.070s] [35m[1mScanning dependencies of target solution[0m
[0.104s] [ 50%] [32mBuilding CXX object CMakeFiles/solution.dir/src/solution.cpp.o[0m
[1.412s] [01m[K/home/navrajb/software/software-start-here/src/challenge/src/solution.cpp:[m[K In member function â€˜[01m[Kvoid MinimalPublisher::timer_callback()[m[Kâ€™:
[1.412s] [01m[K/home/navrajb/software/software-start-here/src/challenge/src/solution.cpp:36:36:[m[K [01;31m[Kerror: [m[Kâ€˜[01m[Kseconds[m[Kâ€™ was not declared in this scope; did you mean â€˜[01m[Kstd::chrono::seconds[m[Kâ€™?
[1.412s]    36 |    message.linear.x = 0.05*  ((-1)^[01;31m[Kseconds[m[K);
[1.412s]       |                                    [01;31m[K^~~~~~~[m[K
[1.413s]       |                                    [32m[Kstd::chrono::seconds[m[K
[1.413s] In file included from [01m[K/home/navrajb/software/software-start-here/src/challenge/src/solution.cpp:2[m[K:
[1.413s] [01m[K/usr/include/c++/9/chrono:614:53:[m[K [01;36m[Knote: [m[Kâ€˜[01m[Kstd::chrono::seconds[m[Kâ€™ declared here
[1.413s]   614 |     typedef duration<_GLIBCXX_CHRONO_INT64_T>       [01;36m[Kseconds[m[K;
[1.413s]       |                                                     [01;36m[K^~~~~~~[m[K
[1.419s] [01m[K/home/navrajb/software/software-start-here/src/challenge/src/solution.cpp:34:9:[m[K [01;35m[Kwarning: [m[Kunused variable â€˜[01m[Ktime_passed[m[Kâ€™ [[01;35m[K-Wunused-variable[m[K]
[1.419s]    34 |     int [01;35m[Ktime_passed[m[K = time(0)/1000;
[1.419s]       |         [01;35m[K^~~~~~~~~~~[m[K
[2.327s] make[2]: *** [CMakeFiles/solution.dir/build.make:63: CMakeFiles/solution.dir/src/solution.cpp.o] Error 1
[2.328s] make[1]: *** [CMakeFiles/Makefile2:78: CMakeFiles/solution.dir/all] Error 2
[2.328s] make: *** [Makefile:141: all] Error 2
[2.331s] Invoked command in '/home/navrajb/software/software-start-here/build/challenge' returned '2': CMAKE_PREFIX_PATH=/opt/ros/foxy /usr/bin/cmake --build /home/navrajb/software/software-start-here/build/challenge -- -j8 -l8
