[0.017s] Invoking command in '/home/navrajb/software/software-start-here/build/challenge': CMAKE_PREFIX_PATH=${CMAKE_PREFIX_PATH}:/opt/ros/foxy /usr/bin/cmake --build /home/navrajb/software/software-start-here/build/challenge -- -j8 -l8
[0.069s] [35m[1mScanning dependencies of target solution[0m
[0.106s] [ 50%] [32mBuilding CXX object CMakeFiles/solution.dir/src/solution.cpp.o[0m
[1.358s] [01m[K/home/navrajb/software/software-start-here/src/challenge/src/solution.cpp:41:43:[m[K [01;31m[Kerror: [m[Kâ€˜[01m[KString[m[Kâ€™ is not a member of â€˜[01m[Kgeometry_msgs::msg[m[Kâ€™; did you mean â€˜[01m[Kstd_msgs::msg::String[m[Kâ€™?
[1.358s]    41 |     rclcpp::Publisher<geometry_msgs::msg::[01;31m[KString[m[K>::SharedPtr publisher_;
[1.359s]       |                                           [01;31m[K^~~~~~[m[K
[1.359s] In file included from [01m[K/opt/ros/foxy/include/std_msgs/msg/string.hpp:7[m[K,
[1.359s]                  from [01m[K/home/navrajb/software/software-start-here/src/challenge/src/solution.cpp:8[m[K:
[1.359s] [01m[K/opt/ros/foxy/include/std_msgs/msg/detail/string__struct.hpp:121:7:[m[K [01;36m[Knote: [m[Kâ€˜[01m[Kstd_msgs::msg::String[m[Kâ€™ declared here
[1.359s]   121 | using [01;36m[KString[m[K =
[1.359s]       |       [01;36m[K^~~~~~[m[K
[1.359s] [01m[K/home/navrajb/software/software-start-here/src/challenge/src/solution.cpp:41:43:[m[K [01;31m[Kerror: [m[Kâ€˜[01m[KString[m[Kâ€™ is not a member of â€˜[01m[Kgeometry_msgs::msg[m[Kâ€™; did you mean â€˜[01m[Kstd_msgs::msg::String[m[Kâ€™?
[1.359s]    41 |     rclcpp::Publisher<geometry_msgs::msg::[01;31m[KString[m[K>::SharedPtr publisher_;
[1.359s]       |                                           [01;31m[K^~~~~~[m[K
[1.359s] In file included from [01m[K/opt/ros/foxy/include/std_msgs/msg/string.hpp:7[m[K,
[1.359s]                  from [01m[K/home/navrajb/software/software-start-here/src/challenge/src/solution.cpp:8[m[K:
[1.359s] [01m[K/opt/ros/foxy/include/std_msgs/msg/detail/string__struct.hpp:121:7:[m[K [01;36m[Knote: [m[Kâ€˜[01m[Kstd_msgs::msg::String[m[Kâ€™ declared here
[1.359s]   121 | using [01;36m[KString[m[K =
[1.359s]       |       [01;36m[K^~~~~~[m[K
[1.360s] [01m[K/home/navrajb/software/software-start-here/src/challenge/src/solution.cpp:41:49:[m[K [01;31m[Kerror: [m[Ktemplate argument 1 is invalid
[1.360s]    41 |     rclcpp::Publisher<geometry_msgs::msg::String[01;31m[K>[m[K::SharedPtr publisher_;
[1.360s]       |                                                 [01;31m[K^[m[K
[1.360s] [01m[K/home/navrajb/software/software-start-here/src/challenge/src/solution.cpp:41:52:[m[K [01;31m[Kerror: [m[Kexpected â€˜[01m[K;[m[Kâ€™ at end of member declaration
[1.360s]    41 |     rclcpp::Publisher<geometry_msgs::msg::String>::[01;31m[KSharedPtr[m[K publisher_;
[1.360s]       |                                                    [01;31m[K^~~~~~~~~[m[K
[1.360s]       |                                                             [32m[K;[m[K
[1.360s] [01m[K/home/navrajb/software/software-start-here/src/challenge/src/solution.cpp:41:62:[m[K [01;31m[Kerror: [m[Kâ€˜[01m[Kpublisher_[m[Kâ€™ does not name a type; did you mean â€˜[01m[Krcl_publisher_t[m[Kâ€™?
[1.360s]    41 |     rclcpp::Publisher<geometry_msgs::msg::String>::SharedPtr [01;31m[Kpublisher_[m[K;
[1.360s]       |                                                              [01;31m[K^~~~~~~~~~[m[K
[1.361s]       |                                                              [32m[Krcl_publisher_t[m[K
[1.363s] [01m[K/home/navrajb/software/software-start-here/src/challenge/src/solution.cpp:[m[K In constructor â€˜[01m[KMinimalPublisher::MinimalPublisher()[m[Kâ€™:
[1.363s] [01m[K/home/navrajb/software/software-start-here/src/challenge/src/solution.cpp:20:7:[m[K [01;31m[Kerror: [m[Kâ€˜[01m[Kpublisher_[m[Kâ€™ was not declared in this scope; did you mean â€˜[01m[Krcl_publisher_t[m[Kâ€™?
[1.363s]    20 |       [01;31m[Kpublisher_[m[K = this->create_publisher<std_msgs::msg::String>("turtle1/cmd_vel", 1);
[1.363s]       |       [01;31m[K^~~~~~~~~~[m[K
[1.363s]       |       [32m[Krcl_publisher_t[m[K
[1.366s] [01m[K/home/navrajb/software/software-start-here/src/challenge/src/solution.cpp:22:7:[m[K [01;31m[Kerror: [m[Kunable to find numeric literal operator â€˜[01m[Koperator""ms[m[Kâ€™
[1.366s]    22 |       [01;31m[K50ms[m[K, std::bind(&MinimalPublisher::timer_callback, this));
[1.366s]       |       [01;31m[K^~~~[m[K
[1.372s] [01m[K/home/navrajb/software/software-start-here/src/challenge/src/solution.cpp:[m[K In member function â€˜[01m[Kvoid MinimalPublisher::timer_callback()[m[Kâ€™:
[1.373s] [01m[K/home/navrajb/software/software-start-here/src/challenge/src/solution.cpp:28:32:[m[K [01;31m[Kerror: [m[Kâ€˜[01m[KTwist[m[Kâ€™ is not a member of â€˜[01m[Kgeometry_msgs[m[Kâ€™; did you mean â€˜[01m[Kgeometry_msgs::msg::Twist[m[Kâ€™?
[1.373s]    28 |  auto message = geometry_msgs::[01;31m[KTwist[m[K twist;
[1.373s]       |                                [01;31m[K^~~~~[m[K
[1.373s] In file included from [01m[K/opt/ros/foxy/include/geometry_msgs/msg/twist.hpp:7[m[K,
[1.373s]                  from [01m[K/home/navrajb/software/software-start-here/src/challenge/src/solution.cpp:9[m[K:
[1.373s] [01m[K/opt/ros/foxy/include/geometry_msgs/msg/detail/twist__struct.hpp:133:7:[m[K [01;36m[Knote: [m[Kâ€˜[01m[Kgeometry_msgs::msg::Twist[m[Kâ€™ declared here
[1.373s]   133 | using [01;36m[KTwist[m[K =
[1.373s]       |       [01;36m[K^~~~~[m[K
[1.374s] [01m[K/home/navrajb/software/software-start-here/src/challenge/src/solution.cpp:29:4:[m[K [01;31m[Kerror: [m[Kâ€˜[01m[Ktwist[m[Kâ€™ was not declared in this scope
[1.374s]    29 |    [01;31m[Ktwist[m[K.linear.x = 1;
[1.374s]       |    [01;31m[K^~~~~[m[K
[1.375s] [01m[K/home/navrajb/software/software-start-here/src/challenge/src/solution.cpp:35:4:[m[K [01;31m[Kerror: [m[Kâ€˜[01m[Ktwist_pub[m[Kâ€™ was not declared in this scope
[1.376s]    35 |    [01;31m[Ktwist_pub[m[K.publish(twist);
[1.376s]       |    [01;31m[K^~~~~~~~~[m[K
[1.377s] [01m[K/home/navrajb/software/software-start-here/src/challenge/src/solution.cpp:38:7:[m[K [01;31m[Kerror: [m[Kâ€˜[01m[Kpublisher_[m[Kâ€™ was not declared in this scope; did you mean â€˜[01m[Krcl_publisher_t[m[Kâ€™?
[1.377s]    38 |       [01;31m[Kpublisher_[m[K->publish(message);
[1.377s]       |       [01;31m[K^~~~~~~~~~[m[K
[1.378s]       |       [32m[Krcl_publisher_t[m[K
[1.968s] make[2]: *** [CMakeFiles/solution.dir/build.make:63: CMakeFiles/solution.dir/src/solution.cpp.o] Error 1
[1.969s] make[1]: *** [CMakeFiles/Makefile2:78: CMakeFiles/solution.dir/all] Error 2
[1.969s] make: *** [Makefile:141: all] Error 2
[1.974s] Invoked command in '/home/navrajb/software/software-start-here/build/challenge' returned '2': CMAKE_PREFIX_PATH=${CMAKE_PREFIX_PATH}:/opt/ros/foxy /usr/bin/cmake --build /home/navrajb/software/software-start-here/build/challenge -- -j8 -l8
