[0.000000] (-) TimerEvent: {}
[0.000275] (challenge) JobQueued: {'identifier': 'challenge', 'dependencies': OrderedDict()}
[0.000682] (challenge) JobStarted: {'identifier': 'challenge'}
[0.008147] (challenge) JobProgress: {'identifier': 'challenge', 'progress': 'cmake'}
[0.009047] (challenge) JobProgress: {'identifier': 'challenge', 'progress': 'build'}
[0.009084] (challenge) Command: {'cmd': ['/usr/bin/cmake', '--build', '/home/sav/Desktop/software-start-here/build/challenge', '--', '-j8', '-l8'], 'cwd': '/home/sav/Desktop/software-start-here/build/challenge', 'env': OrderedDict([('GJS_DEBUG_TOPICS', 'JS ERROR;JS LOG'), ('LESSOPEN', '| /usr/bin/lesspipe %s'), ('LANGUAGE', 'en_CA:en'), ('USER', 'sav'), ('SSH_AGENT_PID', '1183'), ('XDG_SESSION_TYPE', 'x11'), ('SHLVL', '1'), ('HOME', '/home/sav'), ('OLDPWD', '/home/sav/Desktop/software-start-here/src'), ('DESKTOP_SESSION', 'ubuntu'), ('GNOME_SHELL_SESSION_MODE', 'ubuntu'), ('GTK_MODULES', 'gail:atk-bridge'), ('MANAGERPID', '928'), ('DBUS_SESSION_BUS_ADDRESS', 'unix:path=/run/user/1000/bus'), ('COLORTERM', 'truecolor'), ('IM_CONFIG_PHASE', '1'), ('LOGNAME', 'sav'), ('JOURNAL_STREAM', '8:33749'), ('_', '/usr/bin/colcon'), ('XDG_SESSION_CLASS', 'user'), ('USERNAME', 'sav'), ('TERM', 'xterm-256color'), ('GNOME_DESKTOP_SESSION_ID', 'this-is-deprecated'), ('WINDOWPATH', '2'), ('PATH', '/usr/local/sbin:/usr/local/bin:/usr/sbin:/usr/bin:/sbin:/bin:/usr/games:/usr/local/games:/snap/bin'), ('SESSION_MANAGER', 'local/sav-ThinkPad-E490:@/tmp/.ICE-unix/1226,unix/sav-ThinkPad-E490:/tmp/.ICE-unix/1226'), ('INVOCATION_ID', '97c73b63fccd416bb272c415c2453a8f'), ('XDG_MENU_PREFIX', 'gnome-'), ('GNOME_TERMINAL_SCREEN', '/org/gnome/Terminal/screen/ff588fd5_9b86_4fdf_aa8a_846c9ec1d9a7'), ('XDG_RUNTIME_DIR', '/run/user/1000'), ('DISPLAY', ':0'), ('LANG', 'en_CA.UTF-8'), ('XDG_CURRENT_DESKTOP', 'ubuntu:GNOME'), ('XMODIFIERS', '@im=ibus'), ('XDG_SESSION_DESKTOP', 'ubuntu'), ('XAUTHORITY', '/run/user/1000/gdm/Xauthority'), ('LS_COLORS', 'rs=0:di=01;34:ln=01;36:mh=00:pi=40;33:so=01;35:do=01;35:bd=40;33;01:cd=40;33;01:or=40;31;01:mi=00:su=37;41:sg=30;43:ca=30;41:tw=30;42:ow=34;42:st=37;44:ex=01;32:*.tar=01;31:*.tgz=01;31:*.arc=01;31:*.arj=01;31:*.taz=01;31:*.lha=01;31:*.lz4=01;31:*.lzh=01;31:*.lzma=01;31:*.tlz=01;31:*.txz=01;31:*.tzo=01;31:*.t7z=01;31:*.zip=01;31:*.z=01;31:*.dz=01;31:*.gz=01;31:*.lrz=01;31:*.lz=01;31:*.lzo=01;31:*.xz=01;31:*.zst=01;31:*.tzst=01;31:*.bz2=01;31:*.bz=01;31:*.tbz=01;31:*.tbz2=01;31:*.tz=01;31:*.deb=01;31:*.rpm=01;31:*.jar=01;31:*.war=01;31:*.ear=01;31:*.sar=01;31:*.rar=01;31:*.alz=01;31:*.ace=01;31:*.zoo=01;31:*.cpio=01;31:*.7z=01;31:*.rz=01;31:*.cab=01;31:*.wim=01;31:*.swm=01;31:*.dwm=01;31:*.esd=01;31:*.jpg=01;35:*.jpeg=01;35:*.mjpg=01;35:*.mjpeg=01;35:*.gif=01;35:*.bmp=01;35:*.pbm=01;35:*.pgm=01;35:*.ppm=01;35:*.tga=01;35:*.xbm=01;35:*.xpm=01;35:*.tif=01;35:*.tiff=01;35:*.png=01;35:*.svg=01;35:*.svgz=01;35:*.mng=01;35:*.pcx=01;35:*.mov=01;35:*.mpg=01;35:*.mpeg=01;35:*.m2v=01;35:*.mkv=01;35:*.webm=01;35:*.ogm=01;35:*.mp4=01;35:*.m4v=01;35:*.mp4v=01;35:*.vob=01;35:*.qt=01;35:*.nuv=01;35:*.wmv=01;35:*.asf=01;35:*.rm=01;35:*.rmvb=01;35:*.flc=01;35:*.avi=01;35:*.fli=01;35:*.flv=01;35:*.gl=01;35:*.dl=01;35:*.xcf=01;35:*.xwd=01;35:*.yuv=01;35:*.cgm=01;35:*.emf=01;35:*.ogv=01;35:*.ogx=01;35:*.aac=00;36:*.au=00;36:*.flac=00;36:*.m4a=00;36:*.mid=00;36:*.midi=00;36:*.mka=00;36:*.mp3=00;36:*.mpc=00;36:*.ogg=00;36:*.ra=00;36:*.wav=00;36:*.oga=00;36:*.opus=00;36:*.spx=00;36:*.xspf=00;36:'), ('GNOME_TERMINAL_SERVICE', ':1.164'), ('SSH_AUTH_SOCK', '/run/user/1000/keyring/ssh'), ('SHELL', '/bin/bash'), ('QT_ACCESSIBILITY', '1'), ('GDMSESSION', 'ubuntu'), ('LESSCLOSE', '/usr/bin/lesspipe %s %s'), ('GPG_AGENT_INFO', '/run/user/1000/gnupg/S.gpg-agent:0:1'), ('GJS_DEBUG_OUTPUT', 'stderr'), ('QT_IM_MODULE', 'ibus'), ('PWD', '/home/sav/Desktop/software-start-here/build/challenge'), ('XDG_CONFIG_DIRS', '/etc/xdg/xdg-ubuntu:/etc/xdg'), ('XDG_DATA_DIRS', '/usr/share/ubuntu:/usr/local/share/:/usr/share/:/var/lib/snapd/desktop'), ('COLCON', '1'), ('VTE_VERSION', '6003')]), 'shell': False}
[0.029995] (challenge) StdoutLine: {'line': b'-- Found ament_cmake: 0.9.9 (/opt/ros/foxy/share/ament_cmake/cmake)\n'}
[0.047481] (challenge) StdoutLine: {'line': b'-- Using PYTHON_EXECUTABLE: /usr/bin/python3\n'}
[0.100036] (-) TimerEvent: {}
[0.165256] (challenge) StderrLine: {'line': b'Traceback (most recent call last):\n'}
[0.165456] (challenge) StderrLine: {'line': b'  File "/opt/ros/foxy/share/ament_cmake_core/cmake/package_templates/templates_2_cmake.py", line 21, in <module>\n'}
[0.165521] (challenge) StderrLine: {'line': b'    from ament_package.templates import get_environment_hook_template_path\n'}
[0.165574] (challenge) StderrLine: {'line': b"ModuleNotFoundError: No module named 'ament_package'\n"}
[0.182210] (challenge) StderrLine: {'line': b'CMake Error at /opt/ros/foxy/share/ament_cmake_core/cmake/ament_cmake_package_templates-extras.cmake:41 (message):\n'}
[0.182374] (challenge) StderrLine: {'line': b'  execute_process(/usr/bin/python3\n'}
[0.182445] (challenge) StderrLine: {'line': b'  /opt/ros/foxy/share/ament_cmake_core/cmake/package_templates/templates_2_cmake.py\n'}
[0.182509] (challenge) StderrLine: {'line': b'  /home/sav/Desktop/software-start-here/build/challenge/ament_cmake_package_templates/templates.cmake)\n'}
[0.182582] (challenge) StderrLine: {'line': b'  returned error code 1\n'}
[0.182649] (challenge) StderrLine: {'line': b'Call Stack (most recent call first):\n'}
[0.182828] (challenge) StderrLine: {'line': b'  /opt/ros/foxy/share/ament_cmake_core/cmake/ament_cmake_coreConfig.cmake:41 (include)\n'}
[0.182900] (challenge) StderrLine: {'line': b'  /opt/ros/foxy/share/ament_cmake/cmake/ament_cmake_export_dependencies-extras.cmake:15 (find_package)\n'}
[0.182965] (challenge) StderrLine: {'line': b'  /opt/ros/foxy/share/ament_cmake/cmake/ament_cmakeConfig.cmake:41 (include)\n'}
[0.183028] (challenge) StderrLine: {'line': b'  CMakeLists.txt:19 (find_package)\n'}
[0.183088] (challenge) StderrLine: {'line': b'\n'}
[0.183148] (challenge) StderrLine: {'line': b'\n'}
[0.183206] (challenge) StdoutLine: {'line': b'-- Configuring incomplete, errors occurred!\n'}
[0.183271] (challenge) StdoutLine: {'line': b'See also "/home/sav/Desktop/software-start-here/build/challenge/CMakeFiles/CMakeOutput.log".\n'}
[0.184153] (challenge) StderrLine: {'line': b'make: *** [Makefile:266: cmake_check_build_system] Error 1\n'}
[0.185925] (challenge) CommandEnded: {'returncode': 2}
[0.200162] (-) TimerEvent: {}
[0.214017] (challenge) JobEnded: {'identifier': 'challenge', 'rc': 2}
[0.224906] (-) EventReactorShutdown: {}
