[0.000000] (-) TimerEvent: {}
[0.000159] (challenge) JobQueued: {'identifier': 'challenge', 'dependencies': OrderedDict()}
[0.000309] (challenge) JobStarted: {'identifier': 'challenge'}
[0.013610] (challenge) JobProgress: {'identifier': 'challenge', 'progress': 'cmake'}
[0.014575] (challenge) JobProgress: {'identifier': 'challenge', 'progress': 'build'}
[0.015705] (challenge) Command: {'cmd': ['/usr/bin/cmake', '--build', '/home/navrajb/software/software-start-here/build/challenge', '--', '-j8', '-l8'], 'cwd': '/home/navrajb/software/software-start-here/build/challenge', 'env': OrderedDict([('GJS_DEBUG_TOPICS', 'JS ERROR;JS LOG'), ('LESSOPEN', '| /usr/bin/lesspipe %s'), ('LANGUAGE', 'en_CA:en'), ('USER', 'navrajb'), ('SSH_AGENT_PID', '1741'), ('XDG_SESSION_TYPE', 'x11'), ('SHLVL', '1'), ('LD_LIBRARY_PATH', '/usr/lib/x86_64-linux-gnu/gazebo-11/plugins:/opt/ros/foxy/opt/yaml_cpp_vendor/lib:/opt/ros/foxy/opt/rviz_ogre_vendor/lib:/opt/ros/foxy/lib/x86_64-linux-gnu:/opt/ros/foxy/lib'), ('HOME', '/home/navrajb'), ('OLDPWD', '/home/navrajb/software/software-start-here/src'), ('DESKTOP_SESSION', 'ubuntu'), ('ROS_PYTHON_VERSION', '3'), ('GNOME_SHELL_SESSION_MODE', 'ubuntu'), ('GTK_MODULES', 'gail:atk-bridge'), ('MANAGERPID', '1514'), ('DBUS_SESSION_BUS_ADDRESS', 'unix:path=/run/user/1000/bus'), ('COLORTERM', 'truecolor'), ('_colcon_cd_root', '/opt/ros/foxy/'), ('IM_CONFIG_PHASE', '1'), ('COLCON_PREFIX_PATH', '/home/navrajb/software/software-start-here/install'), ('ROS_DISTRO', 'foxy'), ('LOGNAME', 'navrajb'), ('JOURNAL_STREAM', '8:51330'), ('_', '/usr/bin/colcon'), ('ROS_VERSION', '2'), ('XDG_SESSION_CLASS', 'user'), ('USERNAME', 'navrajb'), ('TERM', 'xterm-256color'), ('GNOME_DESKTOP_SESSION_ID', 'this-is-deprecated'), ('ROS_LOCALHOST_ONLY', '0'), ('WINDOWPATH', '2'), ('PATH', '/opt/ros/foxy/bin:/usr/local/sbin:/usr/local/bin:/usr/sbin:/usr/bin:/sbin:/bin:/usr/games:/usr/local/games:/snap/bin'), ('SESSION_MANAGER', 'local/navrajb-Precision-3520:@/tmp/.ICE-unix/1778,unix/navrajb-Precision-3520:/tmp/.ICE-unix/1778'), ('INVOCATION_ID', '6eced6c21adb4949b279ee27bd50682b'), ('XDG_MENU_PREFIX', 'gnome-'), ('GNOME_TERMINAL_SCREEN', '/org/gnome/Terminal/screen/84466142_6dda_4dc8_b7d2_0a904f5fa0f3'), ('XDG_RUNTIME_DIR', '/run/user/1000'), ('DISPLAY', ':0'), ('LANG', 'en_US.UTF-8'), ('XDG_CURRENT_DESKTOP', 'ubuntu:GNOME'), ('XMODIFIERS', '@im=ibus'), ('XDG_SESSION_DESKTOP', 'ubuntu'), ('XAUTHORITY', '/run/user/1000/gdm/Xauthority'), ('LS_COLORS', 'rs=0:di=01;34:ln=01;36:mh=00:pi=40;33:so=01;35:do=01;35:bd=40;33;01:cd=40;33;01:or=40;31;01:mi=00:su=37;41:sg=30;43:ca=30;41:tw=30;42:ow=34;42:st=37;44:ex=01;32:*.tar=01;31:*.tgz=01;31:*.arc=01;31:*.arj=01;31:*.taz=01;31:*.lha=01;31:*.lz4=01;31:*.lzh=01;31:*.lzma=01;31:*.tlz=01;31:*.txz=01;31:*.tzo=01;31:*.t7z=01;31:*.zip=01;31:*.z=01;31:*.dz=01;31:*.gz=01;31:*.lrz=01;31:*.lz=01;31:*.lzo=01;31:*.xz=01;31:*.zst=01;31:*.tzst=01;31:*.bz2=01;31:*.bz=01;31:*.tbz=01;31:*.tbz2=01;31:*.tz=01;31:*.deb=01;31:*.rpm=01;31:*.jar=01;31:*.war=01;31:*.ear=01;31:*.sar=01;31:*.rar=01;31:*.alz=01;31:*.ace=01;31:*.zoo=01;31:*.cpio=01;31:*.7z=01;31:*.rz=01;31:*.cab=01;31:*.wim=01;31:*.swm=01;31:*.dwm=01;31:*.esd=01;31:*.jpg=01;35:*.jpeg=01;35:*.mjpg=01;35:*.mjpeg=01;35:*.gif=01;35:*.bmp=01;35:*.pbm=01;35:*.pgm=01;35:*.ppm=01;35:*.tga=01;35:*.xbm=01;35:*.xpm=01;35:*.tif=01;35:*.tiff=01;35:*.png=01;35:*.svg=01;35:*.svgz=01;35:*.mng=01;35:*.pcx=01;35:*.mov=01;35:*.mpg=01;35:*.mpeg=01;35:*.m2v=01;35:*.mkv=01;35:*.webm=01;35:*.ogm=01;35:*.mp4=01;35:*.m4v=01;35:*.mp4v=01;35:*.vob=01;35:*.qt=01;35:*.nuv=01;35:*.wmv=01;35:*.asf=01;35:*.rm=01;35:*.rmvb=01;35:*.flc=01;35:*.avi=01;35:*.fli=01;35:*.flv=01;35:*.gl=01;35:*.dl=01;35:*.xcf=01;35:*.xwd=01;35:*.yuv=01;35:*.cgm=01;35:*.emf=01;35:*.ogv=01;35:*.ogx=01;35:*.aac=00;36:*.au=00;36:*.flac=00;36:*.m4a=00;36:*.mid=00;36:*.midi=00;36:*.mka=00;36:*.mp3=00;36:*.mpc=00;36:*.ogg=00;36:*.ra=00;36:*.wav=00;36:*.oga=00;36:*.opus=00;36:*.spx=00;36:*.xspf=00;36:'), ('GNOME_TERMINAL_SERVICE', ':1.124'), ('SSH_AUTH_SOCK', '/run/user/1000/keyring/ssh'), ('ROS_DOMAIN_ID', '0'), ('AMENT_PREFIX_PATH', '/home/navrajb/software/software-start-here/install/challenge:/opt/ros/foxy'), ('SHELL', '/bin/bash'), ('QT_ACCESSIBILITY', '1'), ('GDMSESSION', 'ubuntu'), ('LESSCLOSE', '/usr/bin/lesspipe %s %s'), ('GPG_AGENT_INFO', '/run/user/1000/gnupg/S.gpg-agent:0:1'), ('GJS_DEBUG_OUTPUT', 'stderr'), ('QT_IM_MODULE', 'ibus'), ('PWD', '/home/navrajb/software/software-start-here/build/challenge'), ('LC_ALL', 'en_US.UTF-8'), ('XDG_CONFIG_DIRS', '/etc/xdg/xdg-ubuntu:/etc/xdg'), ('XDG_DATA_DIRS', '/usr/share/ubuntu:/usr/local/share/:/usr/share/:/var/lib/snapd/desktop'), ('PYTHONPATH', '/opt/ros/foxy/lib/python3.8/site-packages'), ('COLCON', '1'), ('VTE_VERSION', '6003'), ('CMAKE_PREFIX_PATH', '/home/navrajb/software/software-start-here/install/challenge:/opt/ros/foxy')]), 'shell': False}
[0.068244] (challenge) StdoutLine: {'line': b'\x1b[35m\x1b[1mScanning dependencies of target solution\x1b[0m\n'}
[0.098828] (-) TimerEvent: {}
[0.104799] (challenge) StdoutLine: {'line': b'[ 50%] \x1b[32mBuilding CXX object CMakeFiles/solution.dir/src/solution.cpp.o\x1b[0m\n'}
[0.198928] (-) TimerEvent: {}
[0.299278] (-) TimerEvent: {}
[0.399608] (-) TimerEvent: {}
[0.499927] (-) TimerEvent: {}
[0.600229] (-) TimerEvent: {}
[0.700571] (-) TimerEvent: {}
[0.800870] (-) TimerEvent: {}
[0.901189] (-) TimerEvent: {}
[1.001547] (-) TimerEvent: {}
[1.101866] (-) TimerEvent: {}
[1.202167] (-) TimerEvent: {}
[1.302470] (-) TimerEvent: {}
[1.319754] (challenge) StderrLine: {'line': b'\x1b[01m\x1b[K/home/navrajb/software/software-start-here/src/challenge/src/solution.cpp:41:43:\x1b[m\x1b[K \x1b[01;31m\x1b[Kerror: \x1b[m\x1b[K\xe2\x80\x98\x1b[01m\x1b[KString\x1b[m\x1b[K\xe2\x80\x99 is not a member of \xe2\x80\x98\x1b[01m\x1b[Kgeometry_msgs::msg\x1b[m\x1b[K\xe2\x80\x99; did you mean \xe2\x80\x98\x1b[01m\x1b[Kstd_msgs::msg::String\x1b[m\x1b[K\xe2\x80\x99?\n'}
[1.319952] (challenge) StderrLine: {'line': b'   41 |     rclcpp::Publisher<geometry_msgs::msg::\x1b[01;31m\x1b[KString\x1b[m\x1b[K>::SharedPtr publisher_;\n'}
[1.320079] (challenge) StderrLine: {'line': b'      |                                           \x1b[01;31m\x1b[K^~~~~~\x1b[m\x1b[K\n'}
[1.320314] (challenge) StderrLine: {'line': b'In file included from \x1b[01m\x1b[K/opt/ros/foxy/include/std_msgs/msg/string.hpp:7\x1b[m\x1b[K,\n'}
[1.320393] (challenge) StderrLine: {'line': b'                 from \x1b[01m\x1b[K/home/navrajb/software/software-start-here/src/challenge/src/solution.cpp:8\x1b[m\x1b[K:\n'}
[1.320463] (challenge) StderrLine: {'line': b'\x1b[01m\x1b[K/opt/ros/foxy/include/std_msgs/msg/detail/string__struct.hpp:121:7:\x1b[m\x1b[K \x1b[01;36m\x1b[Knote: \x1b[m\x1b[K\xe2\x80\x98\x1b[01m\x1b[Kstd_msgs::msg::String\x1b[m\x1b[K\xe2\x80\x99 declared here\n'}
[1.320533] (challenge) StderrLine: {'line': b'  121 | using \x1b[01;36m\x1b[KString\x1b[m\x1b[K =\n'}
[1.320597] (challenge) StderrLine: {'line': b'      |       \x1b[01;36m\x1b[K^~~~~~\x1b[m\x1b[K\n'}
[1.320660] (challenge) StderrLine: {'line': b'\x1b[01m\x1b[K/home/navrajb/software/software-start-here/src/challenge/src/solution.cpp:41:43:\x1b[m\x1b[K \x1b[01;31m\x1b[Kerror: \x1b[m\x1b[K\xe2\x80\x98\x1b[01m\x1b[KString\x1b[m\x1b[K\xe2\x80\x99 is not a member of \xe2\x80\x98\x1b[01m\x1b[Kgeometry_msgs::msg\x1b[m\x1b[K\xe2\x80\x99; did you mean \xe2\x80\x98\x1b[01m\x1b[Kstd_msgs::msg::String\x1b[m\x1b[K\xe2\x80\x99?\n'}
[1.320731] (challenge) StderrLine: {'line': b'   41 |     rclcpp::Publisher<geometry_msgs::msg::\x1b[01;31m\x1b[KString\x1b[m\x1b[K>::SharedPtr publisher_;\n'}
[1.320795] (challenge) StderrLine: {'line': b'      |                                           \x1b[01;31m\x1b[K^~~~~~\x1b[m\x1b[K\n'}
[1.320859] (challenge) StderrLine: {'line': b'In file included from \x1b[01m\x1b[K/opt/ros/foxy/include/std_msgs/msg/string.hpp:7\x1b[m\x1b[K,\n'}
[1.320922] (challenge) StderrLine: {'line': b'                 from \x1b[01m\x1b[K/home/navrajb/software/software-start-here/src/challenge/src/solution.cpp:8\x1b[m\x1b[K:\n'}
[1.320986] (challenge) StderrLine: {'line': b'\x1b[01m\x1b[K/opt/ros/foxy/include/std_msgs/msg/detail/string__struct.hpp:121:7:\x1b[m\x1b[K \x1b[01;36m\x1b[Knote: \x1b[m\x1b[K\xe2\x80\x98\x1b[01m\x1b[Kstd_msgs::msg::String\x1b[m\x1b[K\xe2\x80\x99 declared here\n'}
[1.321058] (challenge) StderrLine: {'line': b'  121 | using \x1b[01;36m\x1b[KString\x1b[m\x1b[K =\n'}
[1.321121] (challenge) StderrLine: {'line': b'      |       \x1b[01;36m\x1b[K^~~~~~\x1b[m\x1b[K\n'}
[1.321183] (challenge) StderrLine: {'line': b'\x1b[01m\x1b[K/home/navrajb/software/software-start-here/src/challenge/src/solution.cpp:41:49:\x1b[m\x1b[K \x1b[01;31m\x1b[Kerror: \x1b[m\x1b[Ktemplate argument 1 is invalid\n'}
[1.321293] (challenge) StderrLine: {'line': b'   41 |     rclcpp::Publisher<geometry_msgs::msg::String\x1b[01;31m\x1b[K>\x1b[m\x1b[K::SharedPtr publisher_;\n'}
[1.321380] (challenge) StderrLine: {'line': b'      |                                                 \x1b[01;31m\x1b[K^\x1b[m\x1b[K\n'}
[1.321443] (challenge) StderrLine: {'line': b'\x1b[01m\x1b[K/home/navrajb/software/software-start-here/src/challenge/src/solution.cpp:41:52:\x1b[m\x1b[K \x1b[01;31m\x1b[Kerror: \x1b[m\x1b[Kexpected \xe2\x80\x98\x1b[01m\x1b[K;\x1b[m\x1b[K\xe2\x80\x99 at end of member declaration\n'}
[1.321511] (challenge) StderrLine: {'line': b'   41 |     rclcpp::Publisher<geometry_msgs::msg::String>::\x1b[01;31m\x1b[KSharedPtr\x1b[m\x1b[K publisher_;\n'}
[1.321575] (challenge) StderrLine: {'line': b'      |                                                    \x1b[01;31m\x1b[K^~~~~~~~~\x1b[m\x1b[K\n'}
[1.321638] (challenge) StderrLine: {'line': b'      |                                                             \x1b[32m\x1b[K;\x1b[m\x1b[K\n'}
[1.322200] (challenge) StderrLine: {'line': b'\x1b[01m\x1b[K/home/navrajb/software/software-start-here/src/challenge/src/solution.cpp:41:62:\x1b[m\x1b[K \x1b[01;31m\x1b[Kerror: \x1b[m\x1b[K\xe2\x80\x98\x1b[01m\x1b[Kpublisher_\x1b[m\x1b[K\xe2\x80\x99 does not name a type; did you mean \xe2\x80\x98\x1b[01m\x1b[Krcl_publisher_t\x1b[m\x1b[K\xe2\x80\x99?\n'}
[1.322320] (challenge) StderrLine: {'line': b'   41 |     rclcpp::Publisher<geometry_msgs::msg::String>::SharedPtr \x1b[01;31m\x1b[Kpublisher_\x1b[m\x1b[K;\n'}
[1.322391] (challenge) StderrLine: {'line': b'      |                                                              \x1b[01;31m\x1b[K^~~~~~~~~~\x1b[m\x1b[K\n'}
[1.322458] (challenge) StderrLine: {'line': b'      |                                                              \x1b[32m\x1b[Krcl_publisher_t\x1b[m\x1b[K\n'}
[1.324800] (challenge) StderrLine: {'line': b'\x1b[01m\x1b[K/home/navrajb/software/software-start-here/src/challenge/src/solution.cpp:\x1b[m\x1b[K In constructor \xe2\x80\x98\x1b[01m\x1b[KMinimalPublisher::MinimalPublisher()\x1b[m\x1b[K\xe2\x80\x99:\n'}
[1.324907] (challenge) StderrLine: {'line': b'\x1b[01m\x1b[K/home/navrajb/software/software-start-here/src/challenge/src/solution.cpp:20:7:\x1b[m\x1b[K \x1b[01;31m\x1b[Kerror: \x1b[m\x1b[K\xe2\x80\x98\x1b[01m\x1b[Kpublisher_\x1b[m\x1b[K\xe2\x80\x99 was not declared in this scope; did you mean \xe2\x80\x98\x1b[01m\x1b[Krcl_publisher_t\x1b[m\x1b[K\xe2\x80\x99?\n'}
[1.324982] (challenge) StderrLine: {'line': b'   20 |       \x1b[01;31m\x1b[Kpublisher_\x1b[m\x1b[K = this->create_publisher<std_msgs::msg::String>("turtle1/cmd_vel", 1);\n'}
[1.325059] (challenge) StderrLine: {'line': b'      |       \x1b[01;31m\x1b[K^~~~~~~~~~\x1b[m\x1b[K\n'}
[1.325126] (challenge) StderrLine: {'line': b'      |       \x1b[32m\x1b[Krcl_publisher_t\x1b[m\x1b[K\n'}
[1.328195] (challenge) StderrLine: {'line': b'\x1b[01m\x1b[K/home/navrajb/software/software-start-here/src/challenge/src/solution.cpp:22:7:\x1b[m\x1b[K \x1b[01;31m\x1b[Kerror: \x1b[m\x1b[Kunable to find numeric literal operator \xe2\x80\x98\x1b[01m\x1b[Koperator""ms\x1b[m\x1b[K\xe2\x80\x99\n'}
[1.328314] (challenge) StderrLine: {'line': b'   22 |       \x1b[01;31m\x1b[K50ms\x1b[m\x1b[K, std::bind(&MinimalPublisher::timer_callback, this));\n'}
[1.328394] (challenge) StderrLine: {'line': b'      |       \x1b[01;31m\x1b[K^~~~\x1b[m\x1b[K\n'}
[1.335172] (challenge) StderrLine: {'line': b'\x1b[01m\x1b[K/home/navrajb/software/software-start-here/src/challenge/src/solution.cpp:\x1b[m\x1b[K In member function \xe2\x80\x98\x1b[01m\x1b[Kvoid MinimalPublisher::timer_callback()\x1b[m\x1b[K\xe2\x80\x99:\n'}
[1.335385] (challenge) StderrLine: {'line': b'\x1b[01m\x1b[K/home/navrajb/software/software-start-here/src/challenge/src/solution.cpp:28:17:\x1b[m\x1b[K \x1b[01;31m\x1b[Kerror: \x1b[m\x1b[K\xe2\x80\x98\x1b[01m\x1b[KTwist\x1b[m\x1b[K\xe2\x80\x99 is not a member of \xe2\x80\x98\x1b[01m\x1b[Kgeometry_msgs\x1b[m\x1b[K\xe2\x80\x99; did you mean \xe2\x80\x98\x1b[01m\x1b[Kgeometry_msgs::msg::Twist\x1b[m\x1b[K\xe2\x80\x99?\n'}
[1.335478] (challenge) StderrLine: {'line': b'   28 |  geometry_msgs::\x1b[01;31m\x1b[KTwist\x1b[m\x1b[K twist;\n'}
[1.335551] (challenge) StderrLine: {'line': b'      |                 \x1b[01;31m\x1b[K^~~~~\x1b[m\x1b[K\n'}
[1.335620] (challenge) StderrLine: {'line': b'In file included from \x1b[01m\x1b[K/opt/ros/foxy/include/geometry_msgs/msg/twist.hpp:7\x1b[m\x1b[K,\n'}
[1.335690] (challenge) StderrLine: {'line': b'                 from \x1b[01m\x1b[K/home/navrajb/software/software-start-here/src/challenge/src/solution.cpp:9\x1b[m\x1b[K:\n'}
[1.335759] (challenge) StderrLine: {'line': b'\x1b[01m\x1b[K/opt/ros/foxy/include/geometry_msgs/msg/detail/twist__struct.hpp:133:7:\x1b[m\x1b[K \x1b[01;36m\x1b[Knote: \x1b[m\x1b[K\xe2\x80\x98\x1b[01m\x1b[Kgeometry_msgs::msg::Twist\x1b[m\x1b[K\xe2\x80\x99 declared here\n'}
[1.335828] (challenge) StderrLine: {'line': b'  133 | using \x1b[01;36m\x1b[KTwist\x1b[m\x1b[K =\n'}
[1.335895] (challenge) StderrLine: {'line': b'      |       \x1b[01;36m\x1b[K^~~~~\x1b[m\x1b[K\n'}
[1.336607] (challenge) StderrLine: {'line': b'\x1b[01m\x1b[K/home/navrajb/software/software-start-here/src/challenge/src/solution.cpp:29:4:\x1b[m\x1b[K \x1b[01;31m\x1b[Kerror: \x1b[m\x1b[K\xe2\x80\x98\x1b[01m\x1b[Ktwist\x1b[m\x1b[K\xe2\x80\x99 was not declared in this scope\n'}
[1.336724] (challenge) StderrLine: {'line': b'   29 |    \x1b[01;31m\x1b[Ktwist\x1b[m\x1b[K.linear.x = 1;\n'}
[1.336805] (challenge) StderrLine: {'line': b'      |    \x1b[01;31m\x1b[K^~~~~\x1b[m\x1b[K\n'}
[1.338617] (challenge) StderrLine: {'line': b'\x1b[01m\x1b[K/home/navrajb/software/software-start-here/src/challenge/src/solution.cpp:35:4:\x1b[m\x1b[K \x1b[01;31m\x1b[Kerror: \x1b[m\x1b[K\xe2\x80\x98\x1b[01m\x1b[Ktwist_pub\x1b[m\x1b[K\xe2\x80\x99 was not declared in this scope\n'}
[1.338732] (challenge) StderrLine: {'line': b'   35 |    \x1b[01;31m\x1b[Ktwist_pub\x1b[m\x1b[K.publish(twist);\n'}
[1.338811] (challenge) StderrLine: {'line': b'      |    \x1b[01;31m\x1b[K^~~~~~~~~\x1b[m\x1b[K\n'}
[1.340701] (challenge) StderrLine: {'line': b'\x1b[01m\x1b[K/home/navrajb/software/software-start-here/src/challenge/src/solution.cpp:38:7:\x1b[m\x1b[K \x1b[01;31m\x1b[Kerror: \x1b[m\x1b[K\xe2\x80\x98\x1b[01m\x1b[Kpublisher_\x1b[m\x1b[K\xe2\x80\x99 was not declared in this scope; did you mean \xe2\x80\x98\x1b[01m\x1b[Krcl_publisher_t\x1b[m\x1b[K\xe2\x80\x99?\n'}
[1.340813] (challenge) StderrLine: {'line': b'   38 |       \x1b[01;31m\x1b[Kpublisher_\x1b[m\x1b[K->publish(message);\n'}
[1.340893] (challenge) StderrLine: {'line': b'      |       \x1b[01;31m\x1b[K^~~~~~~~~~\x1b[m\x1b[K\n'}
[1.340965] (challenge) StderrLine: {'line': b'      |       \x1b[32m\x1b[Krcl_publisher_t\x1b[m\x1b[K\n'}
[1.342172] (challenge) StderrLine: {'line': b'\x1b[01m\x1b[K/home/navrajb/software/software-start-here/src/challenge/src/solution.cpp:38:27:\x1b[m\x1b[K \x1b[01;31m\x1b[Kerror: \x1b[m\x1b[K\xe2\x80\x98\x1b[01m\x1b[Kmessage\x1b[m\x1b[K\xe2\x80\x99 was not declared in this scope\n'}
[1.342323] (challenge) StderrLine: {'line': b'   38 |       publisher_->publish(\x1b[01;31m\x1b[Kmessage\x1b[m\x1b[K);\n'}
[1.342404] (challenge) StderrLine: {'line': b'      |                           \x1b[01;31m\x1b[K^~~~~~~\x1b[m\x1b[K\n'}
[1.402604] (-) TimerEvent: {}
[1.502906] (-) TimerEvent: {}
[1.603205] (-) TimerEvent: {}
[1.703503] (-) TimerEvent: {}
[1.803788] (-) TimerEvent: {}
[1.904082] (-) TimerEvent: {}
[1.949255] (challenge) StderrLine: {'line': b'make[2]: *** [CMakeFiles/solution.dir/build.make:63: CMakeFiles/solution.dir/src/solution.cpp.o] Error 1\n'}
[1.949629] (challenge) StderrLine: {'line': b'make[1]: *** [CMakeFiles/Makefile2:78: CMakeFiles/solution.dir/all] Error 2\n'}
[1.949836] (challenge) StderrLine: {'line': b'make: *** [Makefile:141: all] Error 2\n'}
[1.952424] (challenge) CommandEnded: {'returncode': 2}
[2.000242] (challenge) JobEnded: {'identifier': 'challenge', 'rc': 2}
[2.004337] (-) TimerEvent: {}
[2.010963] (-) EventReactorShutdown: {}
