-- Found turtlesim: 1.2.6 (/opt/ros/foxy/share/turtlesim/cmake)
-- Using PYTHON_EXECUTABLE: /usr/bin/python3
Traceback (most recent call last):
  File "/opt/ros/foxy/share/ament_cmake_core/cmake/package_templates/templates_2_cmake.py", line 21, in <module>
    from ament_package.templates import get_environment_hook_template_path
ModuleNotFoundError: No module named 'ament_package'
CMake Error at /opt/ros/foxy/share/ament_cmake_core/cmake/ament_cmake_package_templates-extras.cmake:41 (message):
  execute_process(/usr/bin/python3
  /opt/ros/foxy/share/ament_cmake_core/cmake/package_templates/templates_2_cmake.py
  /home/amraj/Subbots/software-start-here/src/build/challenge/ament_cmake_package_templates/templates.cmake)
  returned error code 1
Call Stack (most recent call first):
  /opt/ros/foxy/share/ament_cmake_core/cmake/ament_cmake_coreConfig.cmake:41 (include)
  /opt/ros/foxy/share/turtlesim/cmake/ament_cmake_export_dependencies-extras.cmake:15 (find_package)
  /opt/ros/foxy/share/turtlesim/cmake/turtlesimConfig.cmake:41 (include)
  CMakeLists.txt:20 (find_package)


-- Configuring incomplete, errors occurred!
See also "/home/amraj/Subbots/software-start-here/src/build/challenge/CMakeFiles/CMakeOutput.log".
make: *** [Makefile:266: cmake_check_build_system] Error 1
