[0.008s] Invoking command in '/home/amraj/Subbots/software-start-here/src/build/challenge': /usr/bin/cmake --build /home/amraj/Subbots/software-start-here/src/build/challenge -- -j8 -l8
[0.022s] -- Found turtlesim: 1.2.6 (/opt/ros/foxy/share/turtlesim/cmake)
[0.036s] -- Using PYTHON_EXECUTABLE: /usr/bin/python3
[0.118s] Traceback (most recent call last):
[0.119s]   File "/opt/ros/foxy/share/ament_cmake_core/cmake/package_templates/templates_2_cmake.py", line 21, in <module>
[0.119s]     from ament_package.templates import get_environment_hook_template_path
[0.119s] ModuleNotFoundError: No module named 'ament_package'
[0.131s] CMake Error at /opt/ros/foxy/share/ament_cmake_core/cmake/ament_cmake_package_templates-extras.cmake:41 (message):
[0.131s]   execute_process(/usr/bin/python3
[0.131s]   /opt/ros/foxy/share/ament_cmake_core/cmake/package_templates/templates_2_cmake.py
[0.131s]   /home/amraj/Subbots/software-start-here/src/build/challenge/ament_cmake_package_templates/templates.cmake)
[0.131s]   returned error code 1
[0.131s] Call Stack (most recent call first):
[0.131s]   /opt/ros/foxy/share/ament_cmake_core/cmake/ament_cmake_coreConfig.cmake:41 (include)
[0.131s]   /opt/ros/foxy/share/turtlesim/cmake/ament_cmake_export_dependencies-extras.cmake:15 (find_package)
[0.131s]   /opt/ros/foxy/share/turtlesim/cmake/turtlesimConfig.cmake:41 (include)
[0.131s]   CMakeLists.txt:20 (find_package)
[0.131s] 
[0.131s] 
[0.131s] -- Configuring incomplete, errors occurred!
[0.131s] See also "/home/amraj/Subbots/software-start-here/src/build/challenge/CMakeFiles/CMakeOutput.log".
[0.132s] make: *** [Makefile:266: cmake_check_build_system] Error 1
[0.134s] Invoked command in '/home/amraj/Subbots/software-start-here/src/build/challenge' returned '2': /usr/bin/cmake --build /home/amraj/Subbots/software-start-here/src/build/challenge -- -j8 -l8
