[01m[K/home/hashaam/Documents/software-start-here/src/challenge/src/solution.cpp:[m[K In constructor â€˜[01m[KTurtleSimController::TurtleSimController()[m[Kâ€™:
[01m[K/home/hashaam/Documents/software-start-here/src/challenge/src/solution.cpp:22:5:[m[K [01;31m[Kerror: [m[Kâ€˜[01m[Ktimer_[m[Kâ€™ was not declared in this scope; did you mean â€˜[01m[Ktimer_t[m[Kâ€™?
   22 |     [01;31m[Ktimer_[m[K = this->create_wall_timer(500ms, std::bind(&TurtleSimController::timer_callback, this));
      |     [01;31m[K^~~~~~[m[K
      |     [32m[Ktimer_t[m[K
make[2]: *** [CMakeFiles/solution.dir/build.make:63: CMakeFiles/solution.dir/src/solution.cpp.o] Error 1
make[1]: *** [CMakeFiles/Makefile2:78: CMakeFiles/solution.dir/all] Error 2
make: *** [Makefile:141: all] Error 2
