[01m[K/home/hashaam/Documents/software-start-here/src/challenge/src/solution.cpp:[m[K In constructor â€˜[01m[KTurtleSimController::TurtleSimController()[m[Kâ€™:
[01m[K/home/hashaam/Documents/software-start-here/src/challenge/src/solution.cpp:19:36:[m[K [01;31m[Kerror: [m[Kclass â€˜[01m[KTurtleSimController[m[Kâ€™ does not have any field named â€˜[01m[Kcount_[m[Kâ€™
   19 |   : Node("turtle_sim_controller"), [01;31m[Kcount_[m[K(0)
      |                                    [01;31m[K^~~~~~[m[K
make[2]: *** [CMakeFiles/solution.dir/build.make:63: CMakeFiles/solution.dir/src/solution.cpp.o] Error 1
make[1]: *** [CMakeFiles/Makefile2:78: CMakeFiles/solution.dir/all] Error 2
make: *** [Makefile:141: all] Error 2
